<?xml version="1.0" encoding="UTF-8"?>
<!-- Generated by org.testng.reporters.JUnitXMLReporter -->
<testsuite ignored="0" hostname="MAN-L3BL6YT2" failures="1" tests="1" name="Validate the header and menu of the Nixplay Fifteen Inch Frame page" time="0.336" errors="0" timestamp="2021-11-01T15:50:29 CST">
  <testcase classname="testNGRunner.testrunner" name="scenario" time="0.09">
    <failure type="io.cucumber.testng.UndefinedStepException" message="The step &amp;apos;User opens Nixplay website&amp;apos; and 3 other step(s) are undefined.
You can implement these steps using the snippet(s) below:

@Given(&amp;quot;User opens Nixplay website&amp;quot;)
public void user_opens_nixplay_website() {
    // Write code here that turns the phrase above into concrete actions
    throw new io.cucumber.java.PendingException();
}
@When(&amp;quot;User clicks on Nixplay Frames tab&amp;quot;)
public void user_clicks_on_nixplay_frames_tab() {
    // Write code here that turns the phrase above into concrete actions
    throw new io.cucumber.java.PendingException();
}
@When(&amp;quot;User clicks on Fifteen Inch option at the top of the page&amp;quot;)
public void user_clicks_on_fifteen_inch_option_at_the_top_of_the_page() {
    // Write code here that turns the phrase above into concrete actions
    throw new io.cucumber.java.PendingException();
}
@Then(&amp;quot;Header and tabs are valid&amp;quot;)
public void header_and_tabs_are_valid() {
    // Write code here that turns the phrase above into concrete actions
    throw new io.cucumber.java.PendingException();
}
">
      <![CDATA[io.cucumber.testng.UndefinedStepException: The step 'User opens Nixplay website' and 3 other step(s) are undefined.
You can implement these steps using the snippet(s) below:

@Given("User opens Nixplay website")
public void user_opens_nixplay_website() {
    // Write code here that turns the phrase above into concrete actions
    throw new io.cucumber.java.PendingException();
}
@When("User clicks on Nixplay Frames tab")
public void user_clicks_on_nixplay_frames_tab() {
    // Write code here that turns the phrase above into concrete actions
    throw new io.cucumber.java.PendingException();
}
@When("User clicks on Fifteen Inch option at the top of the page")
public void user_clicks_on_fifteen_inch_option_at_the_top_of_the_page() {
    // Write code here that turns the phrase above into concrete actions
    throw new io.cucumber.java.PendingException();
}
@Then("Header and tabs are valid")
public void header_and_tabs_are_valid() {
    // Write code here that turns the phrase above into concrete actions
    throw new io.cucumber.java.PendingException();
}

at io.cucumber.core.runtime.TestCaseResultObserver.assertTestCasePassed(TestCaseResultObserver.java:69)
at io.cucumber.testng.TestCaseResultObserver.assertTestCasePassed(TestCaseResultObserver.java:23)
at io.cucumber.testng.TestNGCucumberRunner.lambda$runScenario$1(TestNGCucumberRunner.java:133)
at io.cucumber.core.runtime.CucumberExecutionContext.lambda$runTestCase$3(CucumberExecutionContext.java:110)
at io.cucumber.core.runtime.RethrowingThrowableCollector.executeAndThrow(RethrowingThrowableCollector.java:23)
at io.cucumber.core.runtime.CucumberExecutionContext.runTestCase(CucumberExecutionContext.java:110)
at io.cucumber.testng.TestNGCucumberRunner.runScenario(TestNGCucumberRunner.java:129)
at testNGRunner.testrunner.scenario(testrunner.java:23)
at java.base/java.util.ArrayList.forEach(ArrayList.java:1511)
... Removed 27 stack frames]]>
    </failure>
  </testcase> <!-- scenario -->
</testsuite> <!-- Validate the header and menu of the Nixplay Fifteen Inch Frame page -->
