<?xml version="1.0" encoding="UTF-8"?>
<testng-results ignored="0" total="1" passed="0" failed="1" skipped="0">
  <reporter-output>
  </reporter-output>
  <suite started-at="2021-11-01T15:50:29 CST" name="Nixplay Test Suite" finished-at="2021-11-01T15:50:29 CST" duration-ms="336">
    <groups>
      <group name="cucumber">
        <method signature="testrunner.scenario(io.cucumber.testng.PickleWrapper,io.cucumber.testng.FeatureWrapper)[pri:0, instance:testNGRunner.testrunner@36916eb0]" name="scenario" class="testNGRunner.testrunner"/>
      </group> <!-- cucumber -->
    </groups>
    <test started-at="2021-11-01T15:50:29 CST" name="Validate the header and menu of the Nixplay Fifteen Inch Frame page" finished-at="2021-11-01T15:50:29 CST" duration-ms="336">
      <class name="testNGRunner.testrunner">
        <test-method is-config="true" signature="setUpClass()[pri:0, instance:testNGRunner.testrunner@36916eb0]" started-at="2021-11-01T15:50:29 CST" name="setUpClass" finished-at="2021-11-01T15:50:29 CST" duration-ms="207" status="PASS">
          <reporter-output>
          </reporter-output>
        </test-method> <!-- setUpClass -->
        <test-method signature="scenario(io.cucumber.testng.PickleWrapper,io.cucumber.testng.FeatureWrapper)[pri:0, instance:testNGRunner.testrunner@36916eb0]" started-at="2021-11-01T15:50:29 CST" name="scenario" description="Runs Cucumber Scenarios" data-provider="scenarios" finished-at="2021-11-01T15:50:29 CST" duration-ms="90" status="FAIL">
          <params>
            <param index="0">
              <value>
                <![CDATA["Validate the header and menu of the Nixplay Fifteen Inch Frame page"]]>
              </value>
            </param>
            <param index="1">
              <value>
                <![CDATA["Optional[Nixplay Frame Selection Menu]"]]>
              </value>
            </param>
          </params>
          <exception class="io.cucumber.testng.UndefinedStepException">
            <message>
              <![CDATA[The step 'User opens Nixplay website' and 3 other step(s) are undefined.
You can implement these steps using the snippet(s) below:

@Given("User opens Nixplay website")
public void user_opens_nixplay_website() {
    // Write code here that turns the phrase above into concrete actions
    throw new io.cucumber.java.PendingException();
}
@When("User clicks on Nixplay Frames tab")
public void user_clicks_on_nixplay_frames_tab() {
    // Write code here that turns the phrase above into concrete actions
    throw new io.cucumber.java.PendingException();
}
@When("User clicks on Fifteen Inch option at the top of the page")
public void user_clicks_on_fifteen_inch_option_at_the_top_of_the_page() {
    // Write code here that turns the phrase above into concrete actions
    throw new io.cucumber.java.PendingException();
}
@Then("Header and tabs are valid")
public void header_and_tabs_are_valid() {
    // Write code here that turns the phrase above into concrete actions
    throw new io.cucumber.java.PendingException();
}
]]>
            </message>
            <full-stacktrace>
              <![CDATA[io.cucumber.testng.UndefinedStepException: The step 'User opens Nixplay website' and 3 other step(s) are undefined.
You can implement these steps using the snippet(s) below:

@Given("User opens Nixplay website")
public void user_opens_nixplay_website() {
    // Write code here that turns the phrase above into concrete actions
    throw new io.cucumber.java.PendingException();
}
@When("User clicks on Nixplay Frames tab")
public void user_clicks_on_nixplay_frames_tab() {
    // Write code here that turns the phrase above into concrete actions
    throw new io.cucumber.java.PendingException();
}
@When("User clicks on Fifteen Inch option at the top of the page")
public void user_clicks_on_fifteen_inch_option_at_the_top_of_the_page() {
    // Write code here that turns the phrase above into concrete actions
    throw new io.cucumber.java.PendingException();
}
@Then("Header and tabs are valid")
public void header_and_tabs_are_valid() {
    // Write code here that turns the phrase above into concrete actions
    throw new io.cucumber.java.PendingException();
}

at io.cucumber.core.runtime.TestCaseResultObserver.assertTestCasePassed(TestCaseResultObserver.java:69)
at io.cucumber.testng.TestCaseResultObserver.assertTestCasePassed(TestCaseResultObserver.java:23)
at io.cucumber.testng.TestNGCucumberRunner.lambda$runScenario$1(TestNGCucumberRunner.java:133)
at io.cucumber.core.runtime.CucumberExecutionContext.lambda$runTestCase$3(CucumberExecutionContext.java:110)
at io.cucumber.core.runtime.RethrowingThrowableCollector.executeAndThrow(RethrowingThrowableCollector.java:23)
at io.cucumber.core.runtime.CucumberExecutionContext.runTestCase(CucumberExecutionContext.java:110)
at io.cucumber.testng.TestNGCucumberRunner.runScenario(TestNGCucumberRunner.java:129)
at testNGRunner.testrunner.scenario(testrunner.java:23)
at java.base/jdk.internal.reflect.NativeMethodAccessorImpl.invoke0(Native Method)
at java.base/jdk.internal.reflect.NativeMethodAccessorImpl.invoke(NativeMethodAccessorImpl.java:78)
at java.base/jdk.internal.reflect.DelegatingMethodAccessorImpl.invoke(DelegatingMethodAccessorImpl.java:43)
at java.base/java.lang.reflect.Method.invoke(Method.java:567)
at org.testng.internal.MethodInvocationHelper.invokeMethod(MethodInvocationHelper.java:133)
at org.testng.internal.TestInvoker.invokeMethod(TestInvoker.java:598)
at org.testng.internal.TestInvoker.invokeTestMethod(TestInvoker.java:173)
at org.testng.internal.MethodRunner.runInSequence(MethodRunner.java:46)
at org.testng.internal.TestInvoker$MethodInvocationAgent.invoke(TestInvoker.java:824)
at org.testng.internal.TestInvoker.invokeTestMethods(TestInvoker.java:146)
at org.testng.internal.TestMethodWorker.invokeTestMethods(TestMethodWorker.java:146)
at org.testng.internal.TestMethodWorker.run(TestMethodWorker.java:128)
at java.base/java.util.ArrayList.forEach(ArrayList.java:1511)
at org.testng.TestRunner.privateRun(TestRunner.java:794)
at org.testng.TestRunner.run(TestRunner.java:596)
at org.testng.SuiteRunner.runTest(SuiteRunner.java:377)
at org.testng.SuiteRunner.runSequentially(SuiteRunner.java:371)
at org.testng.SuiteRunner.privateRun(SuiteRunner.java:332)
at org.testng.SuiteRunner.run(SuiteRunner.java:276)
at org.testng.SuiteRunnerWorker.runSuite(SuiteRunnerWorker.java:53)
at org.testng.SuiteRunnerWorker.run(SuiteRunnerWorker.java:96)
at org.testng.TestNG.runSuitesSequentially(TestNG.java:1212)
at org.testng.TestNG.runSuitesLocally(TestNG.java:1134)
at org.testng.TestNG.runSuites(TestNG.java:1063)
at org.testng.TestNG.run(TestNG.java:1031)
at org.testng.remote.AbstractRemoteTestNG.run(AbstractRemoteTestNG.java:115)
at org.testng.remote.RemoteTestNG.initAndRun(RemoteTestNG.java:251)
at org.testng.remote.RemoteTestNG.main(RemoteTestNG.java:77)
]]>
            </full-stacktrace>
          </exception> <!-- io.cucumber.testng.UndefinedStepException -->
          <reporter-output>
          </reporter-output>
        </test-method> <!-- scenario -->
        <test-method is-config="true" signature="tearDownClass()[pri:0, instance:testNGRunner.testrunner@36916eb0]" started-at="2021-11-01T15:50:29 CST" name="tearDownClass" finished-at="2021-11-01T15:50:29 CST" duration-ms="8" status="PASS">
          <reporter-output>
          </reporter-output>
        </test-method> <!-- tearDownClass -->
      </class> <!-- testNGRunner.testrunner -->
    </test> <!-- Validate the header and menu of the Nixplay Fifteen Inch Frame page -->
  </suite> <!-- Nixplay Test Suite -->
</testng-results>
